<?xml version="1.0" encoding="UTF-8"?>
<!-- Generated by org.testng.reporters.JUnitXMLReporter -->
<testsuite ignored="16" hostname="PS-L6" failures="0" tests="1" name="Default test" time="57.821" errors="0" timestamp="2025-11-11T18:23:56 IST">
  <testcase classname="DashboardPayinTest.PayIn" name="verifyChartsOnAnalytics" time="38.691"/>
  <testcase classname="DashboardPayinTest.PayIn" name="verifyDiscardButton" time="0.0">
    <ignored/>
  </testcase> <!-- verifyDiscardButton -->
  <testcase classname="DashboardPayinTest.PayIn" name="verifyApplyButton" time="0.0">
    <ignored/>
  </testcase> <!-- verifyApplyButton -->
  <testcase classname="DashboardPayinTest.PayIn" name="verifyDropodwnIsCloseWhenUserClickOnTheOutSide" time="0.0">
    <ignored/>
  </testcase> <!-- verifyDropodwnIsCloseWhenUserClickOnTheOutSide -->
  <testcase classname="DashboardPayinTest.PayIn" name="verifySuggestionAppearOnThecurrencySearchField" time="0.0">
    <ignored/>
  </testcase> <!-- verifySuggestionAppearOnThecurrencySearchField -->
  <testcase classname="DashboardPayinTest.PayIn" name="handleDatePicker" time="0.0">
    <ignored/>
  </testcase> <!-- handleDatePicker -->
  <testcase classname="DashboardPayinTest.PayIn" name="navigateUpToPayIn" time="0.0">
    <ignored/>
  </testcase> <!-- navigateUpToPayIn -->
  <testcase classname="DashboardPayinTest.PayIn" name="verifySelectedInsights" time="0.0">
    <ignored/>
  </testcase> <!-- verifySelectedInsights -->
  <testcase classname="DashboardPayinTest.PayIn" name="verifyDisableFieldFromEditQuickInsights" time="0.0">
    <ignored/>
  </testcase> <!-- verifyDisableFieldFromEditQuickInsights -->
  <testcase classname="DashboardPayinTest.PayIn" name="verifyCurrencyFilter" time="0.0">
    <ignored/>
  </testcase> <!-- verifyCurrencyFilter -->
  <testcase classname="DashboardPayinTest.PayIn" name="verifyResetFilter" time="0.0">
    <ignored/>
  </testcase> <!-- verifyResetFilter -->
  <testcase classname="DashboardPayinTest.PayIn" name="verifyQuickInsights" time="0.0">
    <ignored/>
  </testcase> <!-- verifyQuickInsights -->
  <testcase classname="DashboardPayinTest.PayIn" name="verifyDiscardAndSaveButton" time="0.0">
    <ignored/>
  </testcase> <!-- verifyDiscardAndSaveButton -->
  <testcase classname="DashboardPayinTest.PayIn" name="verifyClearAllFilter" time="0.0">
    <ignored/>
  </testcase> <!-- verifyClearAllFilter -->
  <testcase classname="DashboardPayinTest.PayIn" name="verifyCancelButton" time="0.0">
    <ignored/>
  </testcase> <!-- verifyCancelButton -->
  <testcase classname="DashboardPayinTest.PayIn" name="verifyIfUserSelectedMultipleCurrencyAndverify" time="0.0">
    <ignored/>
  </testcase> <!-- verifyIfUserSelectedMultipleCurrencyAndverify -->
  <testcase classname="DashboardPayinTest.PayIn" name="verifySaveButton" time="0.0">
    <ignored/>
  </testcase> <!-- verifySaveButton -->
</testsuite> <!-- Default test -->
