<?xml version="1.0" encoding="UTF-8"?>
<testng-results ignored="0" total="1" passed="1" failed="0" skipped="0">
  <reporter-output>
    <line>
      <![CDATA[User enter ID in Username field]]>
    </line>
    <line>
      <![CDATA[User Enter Password in password field]]>
    </line>
    <line>
      <![CDATA[Click on submit button in login page]]>
    </line>
    <line>
      <![CDATA[Scrolled to 'Add to Chart' button]]>
    </line>
    <line>
      <![CDATA[Clicked on 'Add to Chart' button]]>
    </line>
    <line>
      <![CDATA['Cancel' and 'Save' buttons are displayed after clicking 'Add to Chart']]>
    </line>
    <line>
      <![CDATA[Clicked on 'Cancel' button in Analytics]]>
    </line>
    <line>
      <![CDATA[Scrolled to 'Add to Chart' button]]>
    </line>
    <line>
      <![CDATA[Clicked on 'Add to Chart' button]]>
    </line>
    <line>
      <![CDATA[Reopened the Analytics chart after cancel action]]>
    </line>
    <line>
      <![CDATA[Clicked on 'Save' button in Analytics]]>
    </line>
    <line>
      <![CDATA[Checking if 'Group by Brandname' is displayed by default: true]]>
    </line>
    <line>
      <![CDATA['Group by Brandname' is selected by default]]>
    </line>
  </reporter-output>
  <suite started-at="2025-11-11T18:22:58 IST" name="Default suite" finished-at="2025-11-11T18:23:56 IST" duration-ms="57821">
    <groups>
    </groups>
    <test started-at="2025-11-11T18:22:58 IST" name="Default test" finished-at="2025-11-11T18:23:56 IST" duration-ms="57821">
      <class name="DashboardPayinTest.PayIn">
        <test-method is-config="true" signature="loadConfig()[pri:0, instance:DashboardPayinTest.PayIn@35beb15e]" started-at="2025-11-11T18:22:58 IST" name="loadConfig" finished-at="2025-11-11T18:22:58 IST" duration-ms="33" status="PASS">
          <reporter-output>
          </reporter-output>
        </test-method> <!-- loadConfig -->
        <test-method is-config="true" signature="setup()[pri:0, instance:DashboardPayinTest.PayIn@35beb15e]" started-at="2025-11-11T18:22:58 IST" name="setup" finished-at="2025-11-11T18:23:07 IST" duration-ms="9540" status="PASS">
          <reporter-output>
          </reporter-output>
        </test-method> <!-- setup -->
        <test-method is-config="true" signature="beforeInvokeBrowser()[pri:0, instance:DashboardPayinTest.PayIn@35beb15e]" started-at="2025-11-11T18:23:07 IST" name="beforeInvokeBrowser" finished-at="2025-11-11T18:23:14 IST" duration-ms="6299" status="PASS">
          <reporter-output>
            <line>
              <![CDATA[User enter ID in Username field]]>
            </line>
            <line>
              <![CDATA[User Enter Password in password field]]>
            </line>
            <line>
              <![CDATA[Click on submit button in login page]]>
            </line>
          </reporter-output>
        </test-method> <!-- beforeInvokeBrowser -->
        <test-method signature="verifyChartsOnAnalytics()[pri:0, instance:DashboardPayinTest.PayIn@35beb15e]" started-at="2025-11-11T18:23:14 IST" name="verifyChartsOnAnalytics" finished-at="2025-11-11T18:23:52 IST" duration-ms="38691" status="PASS">
          <reporter-output>
            <line>
              <![CDATA[Scrolled to 'Add to Chart' button]]>
            </line>
            <line>
              <![CDATA[Clicked on 'Add to Chart' button]]>
            </line>
            <line>
              <![CDATA['Cancel' and 'Save' buttons are displayed after clicking 'Add to Chart']]>
            </line>
            <line>
              <![CDATA[Clicked on 'Cancel' button in Analytics]]>
            </line>
            <line>
              <![CDATA[Scrolled to 'Add to Chart' button]]>
            </line>
            <line>
              <![CDATA[Clicked on 'Add to Chart' button]]>
            </line>
            <line>
              <![CDATA[Reopened the Analytics chart after cancel action]]>
            </line>
            <line>
              <![CDATA[Clicked on 'Save' button in Analytics]]>
            </line>
            <line>
              <![CDATA[Checking if 'Group by Brandname' is displayed by default: true]]>
            </line>
            <line>
              <![CDATA['Group by Brandname' is selected by default]]>
            </line>
          </reporter-output>
        </test-method> <!-- verifyChartsOnAnalytics -->
        <test-method is-config="true" signature="tearDown(org.testng.ITestResult)[pri:0, instance:DashboardPayinTest.PayIn@35beb15e]" started-at="2025-11-11T18:23:52 IST" name="tearDown" finished-at="2025-11-11T18:23:56 IST" duration-ms="3016" status="PASS">
          <params>
            <param index="0">
              <value>
                <![CDATA[[TestResult name=verifyChartsOnAnalytics status=SUCCESS method=PayIn.verifyChartsOnAnalytics()[pri:0, instance:DashboardPayinTest.PayIn@35beb15e] output=Scrolled to 'Add to Chart' button]]]>
              </value>
            </param>
          </params>
          <reporter-output>
          </reporter-output>
        </test-method> <!-- tearDown -->
      </class> <!-- DashboardPayinTest.PayIn -->
    </test> <!-- Default test -->
  </suite> <!-- Default suite -->
</testng-results>
