<?xml version="1.0" encoding="UTF-8"?>
<!-- Generated by org.testng.reporters.JUnitReportReporter -->
<testsuite hostname="PS-L6" failures="0" tests="1" name="DashboardPayinTest.PayIn" time="57.546" errors="0" timestamp="2025-11-11T18:23:56 IST" skipped="0">
  <testcase classname="DashboardPayinTest.PayIn" name="verifyChartsOnAnalytics" time="57.546">
    <system-out>
      <![CDATA[Scrolled to 'Add to Chart' button
Clicked on 'Add to Chart' button
'Cancel' and 'Save' buttons are displayed after clicking 'Add to Chart'
Clicked on 'Cancel' button in Analytics
Scrolled to 'Add to Chart' button
Clicked on 'Add to Chart' button
Reopened the Analytics chart after cancel action
Clicked on 'Save' button in Analytics
Checking if 'Group by Brandname' is displayed by default: true
'Group by Brandname' is selected by default]]>
    </system-out>
  </testcase> <!-- verifyChartsOnAnalytics -->
  <system-out>
    <![CDATA[User enter ID in Username field
User Enter Password in password field
Click on submit button in login page
Scrolled to 'Add to Chart' button
Clicked on 'Add to Chart' button
'Cancel' and 'Save' buttons are displayed after clicking 'Add to Chart'
Clicked on 'Cancel' button in Analytics
Scrolled to 'Add to Chart' button
Clicked on 'Add to Chart' button
Reopened the Analytics chart after cancel action
Clicked on 'Save' button in Analytics
Checking if 'Group by Brandname' is displayed by default: true
'Group by Brandname' is selected by default]]>
  </system-out>
</testsuite> <!-- DashboardPayinTest.PayIn -->
