<?xml version="1.0" encoding="UTF-8"?>
<!-- Generated by org.testng.reporters.JUnitReportReporter -->
<testsuite hostname="PS-L6" failures="0" tests="1" name="DashboardPayinTest.PayIn" time="1019.144" errors="0" timestamp="2025-11-07T17:28:05 IST" skipped="0">
  <testcase classname="DashboardPayinTest.PayIn" name="handleDatePicker" time="1019.144">
    <system-out>
      <![CDATA[User clicked on the Date Picker field.
===== Verifying all dropdown options for Start Time and End Time =====
Start Time From dropdown contains '21': false
Total options in Start Time From dropdown: 0
All Start Time From dropdown options: []
Start Time To dropdown contains '21': false
Total options in Start Time To dropdown: 0
All Start Time To dropdown options: []
End Time From dropdown contains '21': false
Total options in End Time From dropdown: 0
All End Time From dropdown options: []
End Time To dropdown contains '21': false
Total options in End Time To dropdown: 0
All End Time To dropdown options: []
===== Dropdown verification completed successfully =====
===== Selecting Start and End Time from dropdowns =====
User clicked on the Date Picker field.
User selected 'Start Time From' as: 00
User selected 'Start Time To' as: 01
User selected 'End Time From' as: 22
User selected 'End Time To' as: 57
===== Successfully selected all Start and End Time dropdown values =====
User is selecting a custom date range.
Captured 'From Date' before applying range: 
User clicked on the 'From Date' field.
Captured 'To Date' before applying range: 
User clicked on the 'To Date' field.
User clicked on the 'Apply' button to apply the selected date range.
Displayed 'Applied Date' after applying range: 
PASS: Applied date range includes both 'From Date' () and 'To Date' ().]]>
    </system-out>
  </testcase> <!-- handleDatePicker -->
  <system-out>
    <![CDATA[User enter ID in Username field
User Enter Password in password field
Click on submit button in login page
User clicked on the Date Picker field.
===== Verifying all dropdown options for Start Time and End Time =====
Start Time From dropdown contains '21': false
Total options in Start Time From dropdown: 0
All Start Time From dropdown options: []
Start Time To dropdown contains '21': false
Total options in Start Time To dropdown: 0
All Start Time To dropdown options: []
End Time From dropdown contains '21': false
Total options in End Time From dropdown: 0
All End Time From dropdown options: []
End Time To dropdown contains '21': false
Total options in End Time To dropdown: 0
All End Time To dropdown options: []
===== Dropdown verification completed successfully =====
===== Selecting Start and End Time from dropdowns =====
User clicked on the Date Picker field.
User selected 'Start Time From' as: 00
User selected 'Start Time To' as: 01
User selected 'End Time From' as: 22
User selected 'End Time To' as: 57
===== Successfully selected all Start and End Time dropdown values =====
User is selecting a custom date range.
Captured 'From Date' before applying range: 
User clicked on the 'From Date' field.
Captured 'To Date' before applying range: 
User clicked on the 'To Date' field.
User clicked on the 'Apply' button to apply the selected date range.
Displayed 'Applied Date' after applying range: 
PASS: Applied date range includes both 'From Date' () and 'To Date' ().]]>
  </system-out>
</testsuite> <!-- DashboardPayinTest.PayIn -->
